2025-09-03 15:03:04 - INFO - ###############################
2025-09-03 15:03:04 - INFO - TEST INFO LOGGING FINALLY
2025-09-03 15:03:04 - WARNING - TEST WARNING LOGGING FINALLY
2025-09-03 15:03:04 - ERROR - Error to: utils.my_logger | Index: 0
NoneType: None
2025-09-03 15:03:04 - CRITICAL - TEST FATAL LOGGING FINALLY
2025-09-03 15:03:04 - INFO - LOGGER STARTED
2025-09-03 15:03:04 - INFO - ###############################
2025-09-03 15:03:04 - INFO - Stated connect to db
2025-09-03 15:03:04 - INFO - Users db created/exist
2025-09-03 15:05:11 - INFO - ###############################
2025-09-03 15:05:11 - INFO - TEST INFO LOGGING FINALLY
2025-09-03 15:05:11 - WARNING - TEST WARNING LOGGING FINALLY
2025-09-03 15:05:11 - ERROR - Error to: utils.my_logger | Index: 0
NoneType: None
2025-09-03 15:05:11 - CRITICAL - TEST FATAL LOGGING FINALLY
2025-09-03 15:05:11 - INFO - LOGGER STARTED
2025-09-03 15:05:11 - INFO - ###############################
2025-09-03 15:05:11 - INFO - Stated connect to db
2025-09-03 15:05:11 - INFO - Users db created/exist
2025-09-03 15:05:44 - INFO - ###############################
2025-09-03 15:05:44 - INFO - TEST INFO LOGGING FINALLY
2025-09-03 15:05:44 - WARNING - TEST WARNING LOGGING FINALLY
2025-09-03 15:05:44 - ERROR - Error to: utils.my_logger | Index: 0
NoneType: None
2025-09-03 15:05:44 - CRITICAL - TEST FATAL LOGGING FINALLY
2025-09-03 15:05:44 - INFO - LOGGER STARTED
2025-09-03 15:05:44 - INFO - ###############################
2025-09-03 15:05:44 - INFO - Stated connect to db
2025-09-03 15:05:44 - INFO - Users db created/exist
2025-09-03 15:05:45 - INFO - Start schedule normalization
2025-09-03 15:05:46 - INFO - Schedule normalized
2025-09-03 15:10:47 - INFO - Start schedule normalization
2025-09-03 15:10:47 - INFO - Schedule is the same. Cancel.
2025-09-03 15:11:38 - INFO - ###############################
2025-09-03 15:11:38 - INFO - TEST INFO LOGGING FINALLY
2025-09-03 15:11:38 - WARNING - TEST WARNING LOGGING FINALLY
2025-09-03 15:11:38 - ERROR - Error to: utils.my_logger | Index: 0
NoneType: None
2025-09-03 15:11:38 - CRITICAL - TEST FATAL LOGGING FINALLY
2025-09-03 15:11:38 - INFO - LOGGER STARTED
2025-09-03 15:11:38 - INFO - ###############################
2025-09-03 15:11:38 - INFO - Stated connect to db
2025-09-03 15:11:38 - INFO - Users db created/exist
2025-09-03 15:11:39 - INFO - Start schedule normalization
2025-09-03 15:11:40 - INFO - Schedule is the same. Cancel.
2025-09-03 15:13:42 - INFO - ###############################
2025-09-03 15:13:42 - INFO - TEST INFO LOGGING FINALLY
2025-09-03 15:13:42 - WARNING - TEST WARNING LOGGING FINALLY
2025-09-03 15:13:42 - ERROR - Error to: utils.my_logger | Index: 0
NoneType: None
2025-09-03 15:13:42 - CRITICAL - TEST FATAL LOGGING FINALLY
2025-09-03 15:13:42 - INFO - LOGGER STARTED
2025-09-03 15:13:42 - INFO - ###############################
2025-09-03 15:13:42 - INFO - Stated connect to db
2025-09-03 15:13:42 - INFO - Users db created/exist
2025-09-03 15:13:43 - INFO - Start schedule normalization
2025-09-03 15:13:43 - INFO - Schedule is the same. Cancel.
2025-09-03 15:14:22 - INFO - ###############################
2025-09-03 15:14:22 - INFO - TEST INFO LOGGING FINALLY
2025-09-03 15:14:22 - WARNING - TEST WARNING LOGGING FINALLY
2025-09-03 15:14:22 - ERROR - Error to: utils.my_logger | Index: 0
NoneType: None
2025-09-03 15:14:22 - CRITICAL - TEST FATAL LOGGING FINALLY
2025-09-03 15:14:22 - INFO - LOGGER STARTED
2025-09-03 15:14:22 - INFO - ###############################
2025-09-03 15:14:22 - INFO - Stated connect to db
2025-09-03 15:14:22 - INFO - Users db created/exist
2025-09-03 15:14:24 - INFO - Start schedule normalization
2025-09-03 15:14:24 - INFO - Schedule is the same. Cancel.
