2025-09-14 15:41:25 - INFO - ###############################
2025-09-14 15:41:25 - INFO - TEST INFO LOGGING FINALLY
2025-09-14 15:41:25 - WARNING - TEST WARNING LOGGING FINALLY
2025-09-14 15:41:25 - ERROR - Error to: utils.my_logger | Index: 0
NoneType: None
2025-09-14 15:41:25 - CRITICAL - TEST FATAL LOGGING FINALLY
2025-09-14 15:41:25 - INFO - LOGGER STARTED
2025-09-14 15:41:25 - INFO - ###############################
2025-09-14 15:41:25 - INFO - Stated connect to db
2025-09-14 15:41:25 - INFO - Users db created/exist
2025-09-14 15:41:27 - INFO - Start schedule normalization
2025-09-14 15:41:27 - INFO - Schedule normalized
2025-09-14 15:46:28 - INFO - Start schedule normalization
2025-09-14 15:46:28 - INFO - Schedule is the same. Cancel.
2025-09-14 15:51:30 - INFO - Start schedule normalization
2025-09-14 15:51:30 - INFO - Schedule is the same. Cancel.
2025-09-14 15:56:31 - INFO - Start schedule normalization
2025-09-14 15:56:31 - INFO - Schedule is the same. Cancel.
2025-09-14 16:01:33 - INFO - Start schedule normalization
2025-09-14 16:01:33 - INFO - Schedule is the same. Cancel.
2025-09-14 16:06:34 - INFO - Start schedule normalization
2025-09-14 16:06:34 - INFO - Schedule is the same. Cancel.
2025-09-14 16:11:36 - INFO - Start schedule normalization
2025-09-14 16:11:36 - INFO - Schedule is the same. Cancel.
2025-09-14 16:16:37 - INFO - Start schedule normalization
2025-09-14 16:16:37 - INFO - Schedule is the same. Cancel.
2025-09-14 16:21:38 - INFO - Start schedule normalization
2025-09-14 16:21:39 - INFO - Schedule is the same. Cancel.
2025-09-14 16:26:40 - INFO - Start schedule normalization
2025-09-14 16:26:40 - INFO - Schedule is the same. Cancel.
2025-09-14 16:31:42 - INFO - Start schedule normalization
2025-09-14 16:31:42 - INFO - Schedule is the same. Cancel.
