2025-09-23 06:55:05 - INFO - ###############################
2025-09-23 06:55:05 - INFO - TEST INFO LOGGING FINALLY
2025-09-23 06:55:05 - WARNING - TEST WARNING LOGGING FINALLY
2025-09-23 06:55:05 - ERROR - Error to: utils.my_logger | Index: 0
NoneType: None
2025-09-23 06:55:05 - CRITICAL - TEST FATAL LOGGING FINALLY
2025-09-23 06:55:05 - INFO - LOGGER STARTED
2025-09-23 06:55:05 - INFO - ###############################
2025-09-23 06:55:05 - INFO - Stated connect to db
2025-09-23 06:55:05 - INFO - Users db created/exist
2025-09-23 06:55:06 - INFO - WS Parser started!
2025-09-23 06:55:06 - INFO - Getting data from server
2025-09-23 06:55:07 - INFO - Start schedule normalization
2025-09-23 06:55:07 - INFO - Schedule is the same. Cancel.
2025-09-23 06:55:07 - INFO - Data received from server
2025-09-23 07:00:07 - INFO - Getting data from server
2025-09-23 07:00:28 - INFO - Data received from server
2025-09-23 07:05:28 - INFO - Getting data from server
2025-09-23 07:05:30 - INFO - Start schedule normalization
2025-09-23 07:05:30 - INFO - Schedule is the same. Cancel.
2025-09-23 07:05:30 - INFO - Data received from server
2025-09-23 07:10:30 - INFO - Getting data from server
2025-09-23 07:10:31 - INFO - Start schedule normalization
2025-09-23 07:10:31 - INFO - Schedule is the same. Cancel.
2025-09-23 07:10:31 - INFO - Data received from server
2025-09-23 07:15:31 - INFO - Getting data from server
2025-09-23 07:15:32 - INFO - Start schedule normalization
2025-09-23 07:15:32 - INFO - Schedule is the same. Cancel.
2025-09-23 07:15:32 - INFO - Data received from server
2025-09-23 07:20:32 - INFO - Getting data from server
2025-09-23 07:20:54 - INFO - Data received from server
2025-09-23 07:25:54 - INFO - Getting data from server
2025-09-23 07:25:55 - INFO - Start schedule normalization
2025-09-23 07:25:55 - INFO - Schedule is the same. Cancel.
2025-09-23 07:25:55 - INFO - Data received from server
2025-09-23 07:30:55 - INFO - Getting data from server
2025-09-23 07:30:56 - INFO - Start schedule normalization
2025-09-23 07:30:57 - INFO - Schedule is the same. Cancel.
2025-09-23 07:30:57 - INFO - Data received from server
2025-09-23 07:35:57 - INFO - Getting data from server
2025-09-23 07:36:18 - INFO - Data received from server
2025-09-23 07:41:18 - INFO - Getting data from server
2025-09-23 07:41:19 - INFO - Start schedule normalization
2025-09-23 07:41:19 - INFO - Schedule is the same. Cancel.
2025-09-23 07:41:19 - INFO - Data received from server
2025-09-23 07:45:24 - INFO - 6983370282 used GET SCHEDULE FUNC and choice Вторник
2025-09-23 07:46:19 - INFO - Getting data from server
2025-09-23 07:46:21 - INFO - Start schedule normalization
2025-09-23 07:46:21 - INFO - Schedule is the same. Cancel.
2025-09-23 07:46:21 - INFO - Data received from server
2025-09-23 07:51:21 - INFO - Getting data from server
2025-09-23 07:51:23 - INFO - Start schedule normalization
2025-09-23 07:51:23 - INFO - Schedule is the same. Cancel.
2025-09-23 07:51:23 - INFO - Data received from server
2025-09-23 07:56:23 - INFO - Getting data from server
2025-09-23 07:56:24 - INFO - Start schedule normalization
2025-09-23 07:56:24 - INFO - Schedule is the same. Cancel.
2025-09-23 07:56:24 - INFO - Data received from server
2025-09-23 08:01:24 - INFO - Getting data from server
2025-09-23 08:01:25 - INFO - Start schedule normalization
2025-09-23 08:01:25 - INFO - Schedule is the same. Cancel.
2025-09-23 08:01:25 - INFO - Data received from server
2025-09-23 08:06:25 - INFO - Getting data from server
2025-09-23 08:06:27 - INFO - Start schedule normalization
2025-09-23 08:06:27 - INFO - Schedule is the same. Cancel.
2025-09-23 08:06:27 - INFO - Data received from server
2025-09-23 08:11:27 - INFO - Getting data from server
2025-09-23 08:11:28 - INFO - Start schedule normalization
2025-09-23 08:11:28 - INFO - Schedule is the same. Cancel.
2025-09-23 08:11:28 - INFO - Data received from server
2025-09-23 08:16:28 - INFO - Getting data from server
2025-09-23 08:16:30 - INFO - Start schedule normalization
2025-09-23 08:16:30 - INFO - Schedule is the same. Cancel.
2025-09-23 08:16:30 - INFO - Data received from server
2025-09-23 08:21:30 - INFO - Getting data from server
2025-09-23 08:21:31 - INFO - Start schedule normalization
2025-09-23 08:21:31 - INFO - Schedule is the same. Cancel.
2025-09-23 08:21:31 - INFO - Data received from server
2025-09-23 08:26:31 - INFO - Getting data from server
2025-09-23 08:26:33 - INFO - Start schedule normalization
2025-09-23 08:26:33 - INFO - Schedule is the same. Cancel.
2025-09-23 08:26:33 - INFO - Data received from server
2025-09-23 08:31:33 - INFO - Getting data from server
2025-09-23 08:31:34 - INFO - Start schedule normalization
2025-09-23 08:31:34 - INFO - Schedule is the same. Cancel.
2025-09-23 08:31:34 - INFO - Data received from server
2025-09-23 08:36:34 - INFO - Getting data from server
2025-09-23 08:36:36 - INFO - Start schedule normalization
2025-09-23 08:36:36 - INFO - Schedule is the same. Cancel.
2025-09-23 08:36:36 - INFO - Data received from server
2025-09-23 08:41:36 - INFO - Getting data from server
2025-09-23 08:41:37 - INFO - Start schedule normalization
2025-09-23 08:41:37 - INFO - Schedule is the same. Cancel.
2025-09-23 08:41:37 - INFO - Data received from server
2025-09-23 08:46:37 - INFO - Getting data from server
2025-09-23 08:46:39 - INFO - Start schedule normalization
2025-09-23 08:46:39 - INFO - Schedule is the same. Cancel.
2025-09-23 08:46:39 - INFO - Data received from server
2025-09-23 08:48:08 - INFO - 6983370282 used GET SCHEDULE FUNC and choice Среда
2025-09-23 08:48:08 - INFO - 6983370282 used GET SCHEDULE FUNC and choice Четверг
2025-09-23 08:48:10 - INFO - 6983370282 used GET SCHEDULE FUNC and choice Пятница
2025-09-23 08:48:11 - INFO - 6983370282 used GET SCHEDULE FUNC and choice Вторник
2025-09-23 08:51:39 - INFO - Getting data from server
2025-09-23 08:51:40 - INFO - Start schedule normalization
2025-09-23 08:51:40 - INFO - Schedule is the same. Cancel.
2025-09-23 08:51:40 - INFO - Data received from server
2025-09-23 08:56:40 - INFO - Getting data from server
2025-09-23 08:56:41 - INFO - Start schedule normalization
2025-09-23 08:56:41 - INFO - Schedule is the same. Cancel.
2025-09-23 08:56:41 - INFO - Data received from server
2025-09-23 09:01:41 - INFO - Getting data from server
2025-09-23 09:01:43 - INFO - Start schedule normalization
2025-09-23 09:01:43 - INFO - Schedule is the same. Cancel.
2025-09-23 09:01:43 - INFO - Data received from server
2025-09-23 09:06:43 - INFO - Getting data from server
2025-09-23 09:06:44 - INFO - Start schedule normalization
2025-09-23 09:06:44 - INFO - Schedule is the same. Cancel.
2025-09-23 09:06:44 - INFO - Data received from server
2025-09-23 09:11:44 - INFO - Getting data from server
2025-09-23 09:11:46 - INFO - Start schedule normalization
2025-09-23 09:11:46 - INFO - Schedule is the same. Cancel.
2025-09-23 09:11:46 - INFO - Data received from server
2025-09-23 09:16:46 - INFO - Getting data from server
2025-09-23 09:16:47 - INFO - Start schedule normalization
2025-09-23 09:16:47 - INFO - Schedule is the same. Cancel.
2025-09-23 09:16:47 - INFO - Data received from server
2025-09-23 09:21:47 - INFO - Getting data from server
2025-09-23 09:21:49 - INFO - Start schedule normalization
2025-09-23 09:21:49 - INFO - Schedule is the same. Cancel.
2025-09-23 09:21:49 - INFO - Data received from server
2025-09-23 09:26:49 - INFO - Getting data from server
2025-09-23 09:26:50 - INFO - Start schedule normalization
2025-09-23 09:26:50 - INFO - Schedule is the same. Cancel.
2025-09-23 09:26:50 - INFO - Data received from server
2025-09-23 09:31:50 - INFO - Getting data from server
2025-09-23 09:31:52 - INFO - Start schedule normalization
2025-09-23 09:31:52 - INFO - Schedule is the same. Cancel.
2025-09-23 09:31:52 - INFO - Data received from server
2025-09-23 09:36:52 - INFO - Getting data from server
2025-09-23 09:36:53 - INFO - Start schedule normalization
2025-09-23 09:36:53 - INFO - Schedule is the same. Cancel.
2025-09-23 09:36:53 - INFO - Data received from server
2025-09-23 09:41:53 - INFO - Getting data from server
2025-09-23 09:41:54 - INFO - Start schedule normalization
2025-09-23 09:41:54 - INFO - Schedule is the same. Cancel.
2025-09-23 09:41:54 - INFO - Data received from server
2025-09-23 09:46:54 - INFO - Getting data from server
2025-09-23 09:46:56 - INFO - Start schedule normalization
2025-09-23 09:46:56 - INFO - Schedule is the same. Cancel.
2025-09-23 09:46:56 - INFO - Data received from server
2025-09-23 09:51:56 - INFO - Getting data from server
2025-09-23 09:51:57 - INFO - Start schedule normalization
2025-09-23 09:51:57 - INFO - Schedule is the same. Cancel.
2025-09-23 09:51:57 - INFO - Data received from server
2025-09-23 09:56:57 - INFO - Getting data from server
2025-09-23 09:56:59 - INFO - Start schedule normalization
2025-09-23 09:56:59 - INFO - Schedule normalized
2025-09-23 09:56:59 - INFO - Data received from server
2025-09-23 10:01:59 - INFO - Getting data from server
2025-09-23 10:02:00 - INFO - Start schedule normalization
2025-09-23 10:02:00 - INFO - Schedule is the same. Cancel.
2025-09-23 10:02:00 - INFO - Data received from server
2025-09-23 10:07:00 - INFO - Getting data from server
2025-09-23 10:07:02 - INFO - Start schedule normalization
2025-09-23 10:07:02 - INFO - Schedule is the same. Cancel.
2025-09-23 10:07:02 - INFO - Data received from server
2025-09-23 10:12:02 - INFO - Getting data from server
2025-09-23 10:12:03 - INFO - Start schedule normalization
2025-09-23 10:12:03 - INFO - Schedule is the same. Cancel.
2025-09-23 10:12:03 - INFO - Data received from server
2025-09-23 10:17:03 - INFO - Getting data from server
2025-09-23 10:17:05 - INFO - Start schedule normalization
2025-09-23 10:17:05 - INFO - Schedule is the same. Cancel.
2025-09-23 10:17:05 - INFO - Data received from server
2025-09-23 10:22:05 - INFO - Getting data from server
2025-09-23 10:22:06 - INFO - Start schedule normalization
2025-09-23 10:22:06 - INFO - Schedule is the same. Cancel.
2025-09-23 10:22:06 - INFO - Data received from server
2025-09-23 10:27:06 - INFO - Getting data from server
2025-09-23 10:27:08 - INFO - Start schedule normalization
2025-09-23 10:27:08 - INFO - Schedule is the same. Cancel.
2025-09-23 10:27:08 - INFO - Data received from server
2025-09-23 10:32:08 - INFO - Getting data from server
2025-09-23 10:32:09 - INFO - Start schedule normalization
2025-09-23 10:32:09 - INFO - Schedule is the same. Cancel.
2025-09-23 10:32:09 - INFO - Data received from server
2025-09-23 10:37:09 - INFO - Getting data from server
2025-09-23 10:37:11 - INFO - Start schedule normalization
2025-09-23 10:37:11 - INFO - Schedule is the same. Cancel.
2025-09-23 10:37:11 - INFO - Data received from server
2025-09-23 10:42:11 - INFO - Getting data from server
2025-09-23 10:42:32 - INFO - Data received from server
2025-09-23 10:47:32 - INFO - Getting data from server
2025-09-23 10:47:33 - INFO - Start schedule normalization
2025-09-23 10:47:33 - INFO - Schedule is the same. Cancel.
2025-09-23 10:47:33 - INFO - Data received from server
2025-09-23 10:52:33 - INFO - Getting data from server
2025-09-23 10:52:35 - INFO - Start schedule normalization
2025-09-23 10:52:35 - INFO - Schedule is the same. Cancel.
2025-09-23 10:52:35 - INFO - Data received from server
2025-09-23 10:57:35 - INFO - Getting data from server
2025-09-23 10:57:36 - INFO - Start schedule normalization
2025-09-23 10:57:36 - INFO - Schedule is the same. Cancel.
2025-09-23 10:57:36 - INFO - Data received from server
2025-09-23 11:02:36 - INFO - Getting data from server
2025-09-23 11:02:38 - INFO - Start schedule normalization
2025-09-23 11:02:38 - INFO - Schedule is the same. Cancel.
2025-09-23 11:02:38 - INFO - Data received from server
2025-09-23 11:07:38 - INFO - Getting data from server
2025-09-23 11:07:39 - INFO - Start schedule normalization
2025-09-23 11:07:39 - INFO - Schedule is the same. Cancel.
2025-09-23 11:07:39 - INFO - Data received from server
2025-09-23 11:12:39 - INFO - Getting data from server
2025-09-23 11:12:41 - INFO - Start schedule normalization
2025-09-23 11:12:41 - INFO - Schedule is the same. Cancel.
2025-09-23 11:12:41 - INFO - Data received from server
2025-09-23 11:17:41 - INFO - Getting data from server
2025-09-23 11:17:42 - INFO - Start schedule normalization
2025-09-23 11:17:42 - INFO - Schedule is the same. Cancel.
2025-09-23 11:17:42 - INFO - Data received from server
2025-09-23 11:22:42 - INFO - Getting data from server
2025-09-23 11:22:44 - INFO - Start schedule normalization
2025-09-23 11:22:44 - INFO - Schedule is the same. Cancel.
2025-09-23 11:22:44 - INFO - Data received from server
2025-09-23 11:27:44 - INFO - Getting data from server
2025-09-23 11:27:45 - INFO - Start schedule normalization
2025-09-23 11:27:45 - INFO - Schedule is the same. Cancel.
2025-09-23 11:27:45 - INFO - Data received from server
2025-09-23 11:32:45 - INFO - Getting data from server
2025-09-23 11:32:46 - INFO - Start schedule normalization
2025-09-23 11:32:47 - INFO - Schedule is the same. Cancel.
2025-09-23 11:32:47 - INFO - Data received from server
2025-09-23 11:37:47 - INFO - Getting data from server
2025-09-23 11:37:48 - INFO - Start schedule normalization
2025-09-23 11:37:48 - INFO - Schedule is the same. Cancel.
2025-09-23 11:37:48 - INFO - Data received from server
2025-09-23 11:42:48 - INFO - Getting data from server
2025-09-23 11:42:49 - INFO - Start schedule normalization
2025-09-23 11:42:49 - INFO - Schedule is the same. Cancel.
2025-09-23 11:42:49 - INFO - Data received from server
2025-09-23 11:47:49 - INFO - Getting data from server
2025-09-23 11:47:51 - INFO - Start schedule normalization
2025-09-23 11:47:51 - INFO - Schedule is the same. Cancel.
2025-09-23 11:47:51 - INFO - Data received from server
2025-09-23 11:52:51 - INFO - Getting data from server
2025-09-23 11:52:52 - INFO - Start schedule normalization
2025-09-23 11:52:52 - INFO - Schedule is the same. Cancel.
2025-09-23 11:52:52 - INFO - Data received from server
2025-09-23 11:57:52 - INFO - Getting data from server
2025-09-23 11:57:54 - INFO - Start schedule normalization
2025-09-23 11:57:54 - INFO - Schedule is the same. Cancel.
2025-09-23 11:57:54 - INFO - Data received from server
2025-09-23 12:02:54 - INFO - Getting data from server
2025-09-23 12:02:55 - INFO - Start schedule normalization
2025-09-23 12:02:55 - INFO - Schedule is the same. Cancel.
2025-09-23 12:02:55 - INFO - Data received from server
2025-09-23 12:07:55 - INFO - Getting data from server
2025-09-23 12:07:57 - INFO - Start schedule normalization
2025-09-23 12:07:57 - INFO - Schedule is the same. Cancel.
2025-09-23 12:07:57 - INFO - Data received from server
2025-09-23 12:12:57 - INFO - Getting data from server
2025-09-23 12:12:58 - INFO - Start schedule normalization
2025-09-23 12:12:58 - INFO - Schedule is the same. Cancel.
2025-09-23 12:12:58 - INFO - Data received from server
2025-09-23 12:17:58 - INFO - Getting data from server
2025-09-23 12:18:00 - INFO - Start schedule normalization
2025-09-23 12:18:00 - INFO - Schedule normalized
2025-09-23 12:18:00 - INFO - Data received from server
2025-09-23 12:22:56 - INFO - 6983370282 used GET SCHEDULE FUNC and choice Среда
2025-09-23 12:23:00 - INFO - Getting data from server
2025-09-23 12:23:01 - INFO - Start schedule normalization
2025-09-23 12:23:01 - INFO - Schedule is the same. Cancel.
2025-09-23 12:23:01 - INFO - Data received from server
2025-09-23 12:28:01 - INFO - Getting data from server
2025-09-23 12:28:02 - INFO - Start schedule normalization
2025-09-23 12:28:03 - INFO - Schedule normalized
2025-09-23 12:28:03 - INFO - Data received from server
2025-09-23 12:33:03 - INFO - Getting data from server
2025-09-23 12:33:04 - INFO - Start schedule normalization
2025-09-23 12:33:04 - INFO - Schedule is the same. Cancel.
2025-09-23 12:33:04 - INFO - Data received from server
2025-09-23 12:38:04 - INFO - Getting data from server
2025-09-23 12:38:06 - INFO - Start schedule normalization
2025-09-23 12:38:06 - INFO - Schedule is the same. Cancel.
2025-09-23 12:38:06 - INFO - Data received from server
2025-09-23 12:43:06 - INFO - Getting data from server
2025-09-23 12:43:07 - INFO - Start schedule normalization
2025-09-23 12:43:07 - INFO - Schedule is the same. Cancel.
2025-09-23 12:43:07 - INFO - Data received from server
2025-09-23 12:48:07 - INFO - Getting data from server
2025-09-23 12:48:09 - INFO - Start schedule normalization
2025-09-23 12:48:09 - INFO - Schedule is the same. Cancel.
2025-09-23 12:48:09 - INFO - Data received from server
2025-09-23 12:53:09 - INFO - Getting data from server
2025-09-23 12:53:10 - INFO - Start schedule normalization
2025-09-23 12:53:10 - INFO - Schedule is the same. Cancel.
2025-09-23 12:53:10 - INFO - Data received from server
2025-09-23 12:58:10 - INFO - Getting data from server
2025-09-23 12:58:12 - INFO - Start schedule normalization
2025-09-23 12:58:12 - INFO - Schedule is the same. Cancel.
2025-09-23 12:58:12 - INFO - Data received from server
2025-09-23 13:03:12 - INFO - Getting data from server
2025-09-23 13:03:13 - INFO - Start schedule normalization
2025-09-23 13:03:13 - INFO - Schedule is the same. Cancel.
2025-09-23 13:03:13 - INFO - Data received from server
2025-09-23 13:08:13 - INFO - Getting data from server
2025-09-23 13:08:14 - INFO - Start schedule normalization
2025-09-23 13:08:14 - INFO - Schedule is the same. Cancel.
2025-09-23 13:08:14 - INFO - Data received from server
2025-09-23 13:13:14 - INFO - Getting data from server
2025-09-23 13:13:16 - INFO - Start schedule normalization
2025-09-23 13:13:16 - INFO - Schedule is the same. Cancel.
2025-09-23 13:13:16 - INFO - Data received from server
2025-09-23 13:18:16 - INFO - Getting data from server
2025-09-23 13:18:17 - INFO - Start schedule normalization
2025-09-23 13:18:17 - INFO - Schedule is the same. Cancel.
2025-09-23 13:18:17 - INFO - Data received from server
2025-09-23 13:23:17 - INFO - Getting data from server
2025-09-23 13:23:18 - INFO - Start schedule normalization
2025-09-23 13:23:19 - INFO - Schedule is the same. Cancel.
2025-09-23 13:23:19 - INFO - Data received from server
2025-09-23 13:28:19 - INFO - Getting data from server
2025-09-23 13:28:20 - INFO - Start schedule normalization
2025-09-23 13:28:20 - INFO - Schedule is the same. Cancel.
2025-09-23 13:28:20 - INFO - Data received from server
2025-09-23 13:33:20 - INFO - Getting data from server
2025-09-23 13:33:21 - INFO - Start schedule normalization
2025-09-23 13:33:21 - INFO - Schedule is the same. Cancel.
2025-09-23 13:33:21 - INFO - Data received from server
2025-09-23 13:38:21 - INFO - Getting data from server
2025-09-23 13:38:23 - INFO - Start schedule normalization
2025-09-23 13:38:23 - INFO - Schedule is the same. Cancel.
2025-09-23 13:38:23 - INFO - Data received from server
2025-09-23 13:43:23 - INFO - Getting data from server
2025-09-23 13:43:24 - INFO - Start schedule normalization
2025-09-23 13:43:24 - INFO - Schedule is the same. Cancel.
2025-09-23 13:43:24 - INFO - Data received from server
2025-09-23 13:48:24 - INFO - Getting data from server
2025-09-23 13:48:26 - INFO - Start schedule normalization
2025-09-23 13:48:26 - INFO - Schedule is the same. Cancel.
2025-09-23 13:48:26 - INFO - Data received from server
2025-09-23 13:53:26 - INFO - Getting data from server
2025-09-23 13:53:27 - INFO - Start schedule normalization
2025-09-23 13:53:27 - INFO - Schedule is the same. Cancel.
2025-09-23 13:53:27 - INFO - Data received from server
2025-09-23 13:58:27 - INFO - Getting data from server
2025-09-23 13:58:28 - INFO - Start schedule normalization
2025-09-23 13:58:29 - INFO - Schedule is the same. Cancel.
2025-09-23 13:58:29 - INFO - Data received from server
2025-09-23 14:03:29 - INFO - Getting data from server
2025-09-23 14:03:30 - INFO - Start schedule normalization
2025-09-23 14:03:30 - INFO - Schedule is the same. Cancel.
2025-09-23 14:03:30 - INFO - Data received from server
2025-09-23 14:08:30 - INFO - Getting data from server
2025-09-23 14:08:31 - INFO - Start schedule normalization
2025-09-23 14:08:31 - INFO - Schedule is the same. Cancel.
2025-09-23 14:08:31 - INFO - Data received from server
2025-09-23 14:13:31 - INFO - Getting data from server
2025-09-23 14:13:33 - INFO - Start schedule normalization
2025-09-23 14:13:33 - INFO - Schedule is the same. Cancel.
2025-09-23 14:13:33 - INFO - Data received from server
2025-09-23 14:18:33 - INFO - Getting data from server
2025-09-23 14:18:34 - INFO - Start schedule normalization
2025-09-23 14:18:35 - INFO - Schedule is the same. Cancel.
2025-09-23 14:18:35 - INFO - Data received from server
2025-09-23 14:23:35 - INFO - Getting data from server
2025-09-23 14:23:36 - INFO - Start schedule normalization
2025-09-23 14:23:36 - INFO - Schedule is the same. Cancel.
2025-09-23 14:23:36 - INFO - Data received from server
2025-09-23 14:28:36 - INFO - Getting data from server
2025-09-23 14:28:37 - INFO - Start schedule normalization
2025-09-23 14:28:37 - INFO - Schedule is the same. Cancel.
2025-09-23 14:28:37 - INFO - Data received from server
2025-09-23 14:33:37 - INFO - Getting data from server
2025-09-23 14:33:39 - INFO - Start schedule normalization
2025-09-23 14:33:39 - INFO - Schedule is the same. Cancel.
2025-09-23 14:33:39 - INFO - Data received from server
2025-09-23 14:38:39 - INFO - Getting data from server
2025-09-23 14:38:40 - INFO - Start schedule normalization
2025-09-23 14:38:40 - INFO - Schedule is the same. Cancel.
2025-09-23 14:38:40 - INFO - Data received from server
2025-09-23 14:43:40 - INFO - Getting data from server
2025-09-23 14:43:42 - INFO - Start schedule normalization
2025-09-23 14:43:42 - INFO - Schedule is the same. Cancel.
2025-09-23 14:43:42 - INFO - Data received from server
2025-09-23 14:48:42 - INFO - Getting data from server
2025-09-23 14:48:43 - INFO - Start schedule normalization
2025-09-23 14:48:43 - INFO - Schedule is the same. Cancel.
2025-09-23 14:48:43 - INFO - Data received from server
2025-09-23 14:53:43 - INFO - Getting data from server
2025-09-23 14:53:44 - INFO - Start schedule normalization
2025-09-23 14:53:44 - INFO - Schedule is the same. Cancel.
2025-09-23 14:53:44 - INFO - Data received from server
2025-09-23 14:58:39 - INFO - 6983370282 used GET SCHEDULE FUNC and choice Среда
2025-09-23 14:58:44 - INFO - Getting data from server
2025-09-23 14:58:46 - INFO - Start schedule normalization
2025-09-23 14:58:46 - INFO - Schedule is the same. Cancel.
2025-09-23 14:58:46 - INFO - Data received from server
2025-09-23 15:03:46 - INFO - Getting data from server
2025-09-23 15:03:47 - INFO - Start schedule normalization
2025-09-23 15:03:47 - INFO - Schedule is the same. Cancel.
2025-09-23 15:03:47 - INFO - Data received from server
2025-09-23 15:08:47 - INFO - Getting data from server
2025-09-23 15:08:49 - INFO - Start schedule normalization
2025-09-23 15:08:49 - INFO - Schedule is the same. Cancel.
2025-09-23 15:08:49 - INFO - Data received from server
2025-09-23 15:13:49 - INFO - Getting data from server
2025-09-23 15:13:50 - INFO - Start schedule normalization
2025-09-23 15:13:50 - INFO - Schedule is the same. Cancel.
2025-09-23 15:13:50 - INFO - Data received from server
2025-09-23 15:18:50 - INFO - Getting data from server
2025-09-23 15:18:52 - INFO - Start schedule normalization
2025-09-23 15:18:52 - INFO - Schedule is the same. Cancel.
2025-09-23 15:18:52 - INFO - Data received from server
2025-09-23 15:23:52 - INFO - Getting data from server
2025-09-23 15:23:53 - INFO - Start schedule normalization
2025-09-23 15:23:53 - INFO - Schedule is the same. Cancel.
2025-09-23 15:23:53 - INFO - Data received from server
2025-09-23 15:28:53 - INFO - Getting data from server
2025-09-23 15:28:55 - INFO - Start schedule normalization
2025-09-23 15:28:55 - INFO - Schedule is the same. Cancel.
2025-09-23 15:28:55 - INFO - Data received from server
2025-09-23 15:33:55 - INFO - Getting data from server
2025-09-23 15:33:56 - INFO - Start schedule normalization
2025-09-23 15:33:56 - INFO - Schedule is the same. Cancel.
2025-09-23 15:33:56 - INFO - Data received from server
2025-09-23 15:38:56 - INFO - Getting data from server
2025-09-23 15:38:57 - INFO - Start schedule normalization
2025-09-23 15:38:57 - INFO - Schedule is the same. Cancel.
2025-09-23 15:38:57 - INFO - Data received from server
2025-09-23 15:43:57 - INFO - Getting data from server
2025-09-23 15:43:59 - INFO - Start schedule normalization
2025-09-23 15:43:59 - INFO - Schedule is the same. Cancel.
2025-09-23 15:43:59 - INFO - Data received from server
2025-09-23 15:48:59 - INFO - Getting data from server
2025-09-23 15:49:00 - INFO - Start schedule normalization
2025-09-23 15:49:00 - INFO - Schedule is the same. Cancel.
2025-09-23 15:49:00 - INFO - Data received from server
2025-09-23 15:54:00 - INFO - Getting data from server
2025-09-23 15:54:02 - INFO - Start schedule normalization
2025-09-23 15:54:02 - INFO - Schedule is the same. Cancel.
2025-09-23 15:54:02 - INFO - Data received from server
2025-09-23 15:59:02 - INFO - Getting data from server
2025-09-23 15:59:03 - INFO - Start schedule normalization
2025-09-23 15:59:03 - INFO - Schedule is the same. Cancel.
2025-09-23 15:59:03 - INFO - Data received from server
2025-09-23 16:04:03 - INFO - Getting data from server
2025-09-23 16:04:05 - INFO - Start schedule normalization
2025-09-23 16:04:05 - INFO - Schedule is the same. Cancel.
2025-09-23 16:04:05 - INFO - Data received from server
2025-09-23 16:09:05 - INFO - Getting data from server
2025-09-23 16:09:26 - INFO - Data received from server
2025-09-23 16:14:26 - INFO - Getting data from server
2025-09-23 16:14:28 - INFO - Start schedule normalization
2025-09-23 16:14:28 - INFO - Schedule normalized
2025-09-23 16:14:28 - INFO - Data received from server
2025-09-23 16:19:28 - INFO - Getting data from server
2025-09-23 16:19:29 - INFO - Start schedule normalization
2025-09-23 16:19:29 - INFO - Schedule is the same. Cancel.
2025-09-23 16:19:29 - INFO - Data received from server
2025-09-23 16:24:29 - INFO - Getting data from server
2025-09-23 16:24:31 - INFO - Start schedule normalization
2025-09-23 16:24:31 - INFO - Schedule is the same. Cancel.
2025-09-23 16:24:31 - INFO - Data received from server
2025-09-23 16:29:31 - INFO - Getting data from server
2025-09-23 16:29:32 - INFO - Start schedule normalization
2025-09-23 16:29:32 - INFO - Schedule is the same. Cancel.
2025-09-23 16:29:32 - INFO - Data received from server
2025-09-23 16:34:32 - INFO - Getting data from server
2025-09-23 16:34:34 - INFO - Start schedule normalization
2025-09-23 16:34:34 - INFO - Schedule is the same. Cancel.
2025-09-23 16:34:34 - INFO - Data received from server
2025-09-23 16:39:34 - INFO - Getting data from server
2025-09-23 16:39:35 - INFO - Start schedule normalization
2025-09-23 16:39:35 - INFO - Schedule is the same. Cancel.
2025-09-23 16:39:35 - INFO - Data received from server
2025-09-23 16:44:35 - INFO - Getting data from server
2025-09-23 16:44:37 - INFO - Start schedule normalization
2025-09-23 16:44:37 - INFO - Schedule is the same. Cancel.
2025-09-23 16:44:37 - INFO - Data received from server
2025-09-23 16:49:37 - INFO - Getting data from server
2025-09-23 16:49:38 - INFO - Start schedule normalization
2025-09-23 16:49:38 - INFO - Schedule is the same. Cancel.
2025-09-23 16:49:38 - INFO - Data received from server
2025-09-23 16:54:38 - INFO - Getting data from server
2025-09-23 16:54:40 - INFO - Start schedule normalization
2025-09-23 16:54:40 - INFO - Schedule is the same. Cancel.
2025-09-23 16:54:40 - INFO - Data received from server
2025-09-23 16:59:40 - INFO - Getting data from server
2025-09-23 16:59:41 - INFO - Start schedule normalization
2025-09-23 16:59:41 - INFO - Schedule is the same. Cancel.
2025-09-23 16:59:41 - INFO - Data received from server
2025-09-23 17:04:41 - INFO - Getting data from server
2025-09-23 17:04:43 - INFO - Start schedule normalization
2025-09-23 17:04:43 - INFO - Schedule is the same. Cancel.
2025-09-23 17:04:43 - INFO - Data received from server
2025-09-23 17:09:43 - INFO - Getting data from server
2025-09-23 17:10:04 - INFO - Data received from server
2025-09-23 17:15:04 - INFO - Getting data from server
2025-09-23 17:15:06 - INFO - Start schedule normalization
2025-09-23 17:15:06 - INFO - Schedule is the same. Cancel.
2025-09-23 17:15:06 - INFO - Data received from server
2025-09-23 17:20:06 - INFO - Getting data from server
2025-09-23 17:20:07 - INFO - Start schedule normalization
2025-09-23 17:20:07 - INFO - Schedule is the same. Cancel.
2025-09-23 17:20:07 - INFO - Data received from server
2025-09-23 17:25:07 - INFO - Getting data from server
2025-09-23 17:25:09 - INFO - Start schedule normalization
2025-09-23 17:25:09 - INFO - Schedule is the same. Cancel.
2025-09-23 17:25:09 - INFO - Data received from server
2025-09-23 17:30:09 - INFO - Getting data from server
2025-09-23 17:30:10 - INFO - Start schedule normalization
2025-09-23 17:30:10 - INFO - Schedule is the same. Cancel.
2025-09-23 17:30:10 - INFO - Data received from server
2025-09-23 17:35:10 - INFO - Getting data from server
2025-09-23 17:35:12 - INFO - Start schedule normalization
2025-09-23 17:35:12 - INFO - Schedule is the same. Cancel.
2025-09-23 17:35:12 - INFO - Data received from server
2025-09-23 17:40:12 - INFO - Getting data from server
2025-09-23 17:40:13 - INFO - Start schedule normalization
2025-09-23 17:40:13 - INFO - Schedule is the same. Cancel.
2025-09-23 17:40:13 - INFO - Data received from server
2025-09-23 17:45:13 - INFO - Getting data from server
2025-09-23 17:45:15 - INFO - Start schedule normalization
2025-09-23 17:45:15 - INFO - Schedule is the same. Cancel.
2025-09-23 17:45:15 - INFO - Data received from server
2025-09-23 17:50:15 - INFO - Getting data from server
2025-09-23 17:50:17 - INFO - Start schedule normalization
2025-09-23 17:50:17 - INFO - Schedule is the same. Cancel.
2025-09-23 17:50:17 - INFO - Data received from server
2025-09-23 17:55:17 - INFO - Getting data from server
2025-09-23 17:55:18 - INFO - Start schedule normalization
2025-09-23 17:55:18 - INFO - Schedule is the same. Cancel.
2025-09-23 17:55:18 - INFO - Data received from server
2025-09-23 18:00:18 - INFO - Getting data from server
2025-09-23 18:00:20 - INFO - Start schedule normalization
2025-09-23 18:00:20 - INFO - Schedule is the same. Cancel.
2025-09-23 18:00:20 - INFO - Data received from server
2025-09-23 18:05:20 - INFO - Getting data from server
2025-09-23 18:05:21 - INFO - Start schedule normalization
2025-09-23 18:05:21 - INFO - Schedule is the same. Cancel.
2025-09-23 18:05:21 - INFO - Data received from server
2025-09-23 18:10:21 - INFO - Getting data from server
2025-09-23 18:10:23 - INFO - Start schedule normalization
2025-09-23 18:10:23 - INFO - Schedule is the same. Cancel.
2025-09-23 18:10:23 - INFO - Data received from server
2025-09-23 18:15:23 - INFO - Getting data from server
2025-09-23 18:15:24 - INFO - Start schedule normalization
2025-09-23 18:15:24 - INFO - Schedule is the same. Cancel.
2025-09-23 18:15:24 - INFO - Data received from server
2025-09-23 18:20:24 - INFO - Getting data from server
2025-09-23 18:20:26 - INFO - Start schedule normalization
2025-09-23 18:20:26 - INFO - Schedule is the same. Cancel.
2025-09-23 18:20:26 - INFO - Data received from server
2025-09-23 18:25:26 - INFO - Getting data from server
2025-09-23 18:25:27 - INFO - Start schedule normalization
2025-09-23 18:25:27 - INFO - Schedule is the same. Cancel.
2025-09-23 18:25:27 - INFO - Data received from server
2025-09-23 18:30:27 - INFO - Getting data from server
2025-09-23 18:30:29 - INFO - Start schedule normalization
2025-09-23 18:30:29 - INFO - Schedule is the same. Cancel.
2025-09-23 18:30:29 - INFO - Data received from server
2025-09-23 18:35:29 - INFO - Getting data from server
2025-09-23 18:35:30 - INFO - Start schedule normalization
2025-09-23 18:35:30 - INFO - Schedule is the same. Cancel.
2025-09-23 18:35:30 - INFO - Data received from server
2025-09-23 18:40:30 - INFO - Getting data from server
2025-09-23 18:40:32 - INFO - Start schedule normalization
2025-09-23 18:40:32 - INFO - Schedule is the same. Cancel.
2025-09-23 18:40:32 - INFO - Data received from server
2025-09-23 18:45:32 - INFO - Getting data from server
2025-09-23 18:45:33 - INFO - Start schedule normalization
2025-09-23 18:45:33 - INFO - Schedule is the same. Cancel.
2025-09-23 18:45:33 - INFO - Data received from server
2025-09-23 18:50:33 - INFO - Getting data from server
2025-09-23 18:50:35 - INFO - Start schedule normalization
2025-09-23 18:50:35 - INFO - Schedule is the same. Cancel.
2025-09-23 18:50:35 - INFO - Data received from server
2025-09-23 18:55:35 - INFO - Getting data from server
2025-09-23 18:55:56 - INFO - Data received from server
2025-09-23 18:56:44 - INFO - 6983370282 used GET SCHEDULE FUNC and choice Среда
2025-09-23 19:00:56 - INFO - Getting data from server
2025-09-23 19:00:58 - INFO - Start schedule normalization
2025-09-23 19:00:58 - INFO - Schedule is the same. Cancel.
2025-09-23 19:00:58 - INFO - Data received from server
2025-09-23 19:05:58 - INFO - Getting data from server
2025-09-23 19:05:59 - INFO - Start schedule normalization
2025-09-23 19:05:59 - INFO - Schedule is the same. Cancel.
2025-09-23 19:05:59 - INFO - Data received from server
2025-09-23 19:10:59 - INFO - Getting data from server
2025-09-23 19:11:20 - INFO - Data received from server
2025-09-23 19:16:20 - INFO - Getting data from server
2025-09-23 19:16:22 - INFO - Start schedule normalization
2025-09-23 19:16:22 - INFO - Schedule is the same. Cancel.
2025-09-23 19:16:22 - INFO - Data received from server
2025-09-23 19:21:22 - INFO - Getting data from server
2025-09-23 19:21:23 - INFO - Start schedule normalization
2025-09-23 19:21:23 - INFO - Schedule is the same. Cancel.
2025-09-23 19:21:23 - INFO - Data received from server
2025-09-23 19:26:23 - INFO - Getting data from server
2025-09-23 19:26:25 - INFO - Start schedule normalization
2025-09-23 19:26:25 - INFO - Schedule is the same. Cancel.
2025-09-23 19:26:25 - INFO - Data received from server
2025-09-23 19:31:25 - INFO - Getting data from server
2025-09-23 19:31:26 - INFO - Start schedule normalization
2025-09-23 19:31:26 - INFO - Schedule is the same. Cancel.
2025-09-23 19:31:26 - INFO - Data received from server
2025-09-23 19:36:26 - INFO - Getting data from server
2025-09-23 19:36:28 - INFO - Start schedule normalization
2025-09-23 19:36:28 - INFO - Schedule is the same. Cancel.
2025-09-23 19:36:28 - INFO - Data received from server
2025-09-23 19:41:28 - INFO - Getting data from server
2025-09-23 19:41:29 - INFO - Start schedule normalization
2025-09-23 19:41:29 - INFO - Schedule is the same. Cancel.
2025-09-23 19:41:29 - INFO - Data received from server
2025-09-23 19:46:29 - INFO - Getting data from server
2025-09-23 19:46:31 - INFO - Start schedule normalization
2025-09-23 19:46:31 - INFO - Schedule is the same. Cancel.
2025-09-23 19:46:31 - INFO - Data received from server
2025-09-23 19:51:31 - INFO - Getting data from server
2025-09-23 19:51:32 - INFO - Start schedule normalization
2025-09-23 19:51:32 - INFO - Schedule is the same. Cancel.
2025-09-23 19:51:32 - INFO - Data received from server
2025-09-23 19:56:32 - INFO - Getting data from server
2025-09-23 19:56:34 - INFO - Start schedule normalization
2025-09-23 19:56:34 - INFO - Schedule is the same. Cancel.
2025-09-23 19:56:34 - INFO - Data received from server
2025-09-23 20:01:34 - INFO - Getting data from server
2025-09-23 20:01:35 - INFO - Start schedule normalization
2025-09-23 20:01:35 - INFO - Schedule is the same. Cancel.
2025-09-23 20:01:35 - INFO - Data received from server
2025-09-23 20:06:35 - INFO - Getting data from server
2025-09-23 20:06:37 - INFO - Start schedule normalization
2025-09-23 20:06:37 - INFO - Schedule is the same. Cancel.
2025-09-23 20:06:37 - INFO - Data received from server
2025-09-23 20:11:37 - INFO - Getting data from server
2025-09-23 20:11:38 - INFO - Start schedule normalization
2025-09-23 20:11:38 - INFO - Schedule is the same. Cancel.
2025-09-23 20:11:38 - INFO - Data received from server
2025-09-23 20:16:38 - INFO - Getting data from server
2025-09-23 20:16:40 - INFO - Start schedule normalization
2025-09-23 20:16:40 - INFO - Schedule is the same. Cancel.
2025-09-23 20:16:40 - INFO - Data received from server
2025-09-23 20:21:40 - INFO - Getting data from server
2025-09-23 20:21:41 - INFO - Start schedule normalization
2025-09-23 20:21:42 - INFO - Schedule is the same. Cancel.
2025-09-23 20:21:42 - INFO - Data received from server
