2025-08-29 13:01:57 - INFO - ###############################
2025-08-29 13:01:57 - INFO - TEST INFO LOGGING FINALLY
2025-08-29 13:01:57 - WARNING - TEST WARNING LOGGING FINALLY
2025-08-29 13:01:57 - ERROR - Error to: utils.my_logger | Index: 0
NoneType: None
2025-08-29 13:01:57 - CRITICAL - TEST FATAL LOGGING FINALLY
2025-08-29 13:01:57 - INFO - LOGGER STARTED
2025-08-29 13:01:57 - INFO - ###############################
2025-08-29 13:01:58 - INFO - Stated connect to db
2025-08-29 13:01:58 - INFO - Users db created/exist
2025-08-29 13:01:58 - INFO - Stated connect to db
2025-08-29 13:01:58 - INFO - Users db created/exist
2025-08-29 13:08:13 - INFO - ###############################
2025-08-29 13:08:13 - INFO - TEST INFO LOGGING FINALLY
2025-08-29 13:08:13 - WARNING - TEST WARNING LOGGING FINALLY
2025-08-29 13:08:13 - ERROR - Error to: utils.my_logger | Index: 0
NoneType: None
2025-08-29 13:08:13 - CRITICAL - TEST FATAL LOGGING FINALLY
2025-08-29 13:08:13 - INFO - LOGGER STARTED
2025-08-29 13:08:13 - INFO - ###############################
2025-08-29 13:08:13 - INFO - Stated connect to db
2025-08-29 13:08:13 - INFO - Users db created/exist
2025-08-29 13:08:13 - INFO - Stated connect to db
2025-08-29 13:08:13 - INFO - Users db created/exist
2025-08-29 13:32:07 - INFO - ###############################
2025-08-29 13:32:07 - INFO - TEST INFO LOGGING FINALLY
2025-08-29 13:32:07 - WARNING - TEST WARNING LOGGING FINALLY
2025-08-29 13:32:07 - ERROR - Error to: utils.my_logger | Index: 0
NoneType: None
2025-08-29 13:32:07 - CRITICAL - TEST FATAL LOGGING FINALLY
2025-08-29 13:32:07 - INFO - LOGGER STARTED
2025-08-29 13:32:07 - INFO - ###############################
2025-08-29 13:32:07 - INFO - Stated connect to db
2025-08-29 13:32:07 - INFO - Users db created/exist
2025-08-29 13:32:48 - INFO - ###############################
2025-08-29 13:32:48 - INFO - TEST INFO LOGGING FINALLY
2025-08-29 13:32:48 - WARNING - TEST WARNING LOGGING FINALLY
2025-08-29 13:32:48 - ERROR - Error to: utils.my_logger | Index: 0
NoneType: None
2025-08-29 13:32:48 - CRITICAL - TEST FATAL LOGGING FINALLY
2025-08-29 13:32:48 - INFO - LOGGER STARTED
2025-08-29 13:32:48 - INFO - ###############################
2025-08-29 13:32:48 - INFO - Stated connect to db
2025-08-29 13:32:48 - INFO - Users db created/exist
2025-08-29 13:33:32 - INFO - ###############################
2025-08-29 13:33:32 - INFO - TEST INFO LOGGING FINALLY
2025-08-29 13:33:32 - WARNING - TEST WARNING LOGGING FINALLY
2025-08-29 13:33:32 - ERROR - Error to: utils.my_logger | Index: 0
NoneType: None
2025-08-29 13:33:32 - CRITICAL - TEST FATAL LOGGING FINALLY
2025-08-29 13:33:32 - INFO - LOGGER STARTED
2025-08-29 13:33:32 - INFO - ###############################
2025-08-29 13:33:32 - INFO - Stated connect to db
2025-08-29 13:33:32 - INFO - Users db created/exist
2025-08-29 13:33:48 - INFO - ###############################
2025-08-29 13:33:48 - INFO - TEST INFO LOGGING FINALLY
2025-08-29 13:33:48 - WARNING - TEST WARNING LOGGING FINALLY
2025-08-29 13:33:48 - ERROR - Error to: utils.my_logger | Index: 0
NoneType: None
2025-08-29 13:33:48 - CRITICAL - TEST FATAL LOGGING FINALLY
2025-08-29 13:33:48 - INFO - LOGGER STARTED
2025-08-29 13:33:48 - INFO - ###############################
2025-08-29 13:33:48 - INFO - Stated connect to db
2025-08-29 13:33:48 - INFO - Users db created/exist
2025-08-29 13:35:21 - INFO - ###############################
2025-08-29 13:35:21 - INFO - TEST INFO LOGGING FINALLY
2025-08-29 13:35:21 - WARNING - TEST WARNING LOGGING FINALLY
2025-08-29 13:35:21 - ERROR - Error to: utils.my_logger | Index: 0
NoneType: None
2025-08-29 13:35:21 - CRITICAL - TEST FATAL LOGGING FINALLY
2025-08-29 13:35:21 - INFO - LOGGER STARTED
2025-08-29 13:35:21 - INFO - ###############################
2025-08-29 13:35:21 - INFO - Stated connect to db
2025-08-29 13:35:21 - INFO - Users db created/exist
2025-08-29 13:35:21 - INFO - Stated connect to db
2025-08-29 13:35:21 - INFO - Users db created/exist
2025-08-29 13:50:37 - INFO - ###############################
2025-08-29 13:50:37 - INFO - TEST INFO LOGGING FINALLY
2025-08-29 13:50:37 - WARNING - TEST WARNING LOGGING FINALLY
2025-08-29 13:50:37 - ERROR - Error to: utils.my_logger | Index: 0
NoneType: None
2025-08-29 13:50:37 - CRITICAL - TEST FATAL LOGGING FINALLY
2025-08-29 13:50:37 - INFO - LOGGER STARTED
2025-08-29 13:50:37 - INFO - ###############################
2025-08-29 13:50:37 - INFO - Stated connect to db
2025-08-29 13:50:37 - INFO - Users db created/exist
2025-08-29 13:53:24 - INFO - ###############################
2025-08-29 13:53:24 - INFO - TEST INFO LOGGING FINALLY
2025-08-29 13:53:24 - WARNING - TEST WARNING LOGGING FINALLY
2025-08-29 13:53:24 - ERROR - Error to: utils.my_logger | Index: 0
NoneType: None
2025-08-29 13:53:24 - CRITICAL - TEST FATAL LOGGING FINALLY
2025-08-29 13:53:24 - INFO - LOGGER STARTED
2025-08-29 13:53:24 - INFO - ###############################
2025-08-29 13:53:24 - INFO - Stated connect to db
2025-08-29 13:53:24 - INFO - Users db created/exist
2025-08-29 13:53:37 - INFO - ###############################
2025-08-29 13:53:37 - INFO - TEST INFO LOGGING FINALLY
2025-08-29 13:53:37 - WARNING - TEST WARNING LOGGING FINALLY
2025-08-29 13:53:37 - ERROR - Error to: utils.my_logger | Index: 0
NoneType: None
2025-08-29 13:53:37 - CRITICAL - TEST FATAL LOGGING FINALLY
2025-08-29 13:53:37 - INFO - LOGGER STARTED
2025-08-29 13:53:37 - INFO - ###############################
2025-08-29 13:53:37 - INFO - Stated connect to db
2025-08-29 13:53:37 - INFO - Users db created/exist
2025-08-29 13:54:10 - INFO - ###############################
2025-08-29 13:54:10 - INFO - TEST INFO LOGGING FINALLY
2025-08-29 13:54:10 - WARNING - TEST WARNING LOGGING FINALLY
2025-08-29 13:54:10 - ERROR - Error to: utils.my_logger | Index: 0
NoneType: None
2025-08-29 13:54:10 - CRITICAL - TEST FATAL LOGGING FINALLY
2025-08-29 13:54:10 - INFO - LOGGER STARTED
2025-08-29 13:54:10 - INFO - ###############################
2025-08-29 13:54:10 - INFO - Stated connect to db
2025-08-29 13:54:10 - INFO - Users db created/exist
2025-08-29 13:54:32 - ERROR - Infinity polling: polling exited
2025-08-29 13:54:32 - ERROR - Break infinity polling
2025-08-29 13:54:45 - INFO - ###############################
2025-08-29 13:54:45 - INFO - TEST INFO LOGGING FINALLY
2025-08-29 13:54:45 - WARNING - TEST WARNING LOGGING FINALLY
2025-08-29 13:54:45 - ERROR - Error to: utils.my_logger | Index: 0
NoneType: None
2025-08-29 13:54:45 - CRITICAL - TEST FATAL LOGGING FINALLY
2025-08-29 13:54:45 - INFO - LOGGER STARTED
2025-08-29 13:54:45 - INFO - ###############################
2025-08-29 13:54:45 - INFO - Stated connect to db
2025-08-29 13:54:45 - INFO - Users db created/exist
2025-08-29 13:54:54 - ERROR - Infinity polling exception: no such column: worked_class
2025-08-29 13:54:54 - ERROR - Exception traceback:
Traceback (most recent call last):
  File "K:\Scedule_Bot_1.0\.venv\Lib\site-packages\telebot\__init__.py", line 1110, in infinity_polling
    self.polling(non_stop=True, timeout=timeout, long_polling_timeout=long_polling_timeout,
  File "K:\Scedule_Bot_1.0\.venv\Lib\site-packages\telebot\__init__.py", line 1198, in polling
    self.__threaded_polling(non_stop=non_stop, interval=interval, timeout=timeout, long_polling_timeout=long_polling_timeout,
  File "K:\Scedule_Bot_1.0\.venv\Lib\site-packages\telebot\__init__.py", line 1273, in __threaded_polling
    raise e
  File "K:\Scedule_Bot_1.0\.venv\Lib\site-packages\telebot\__init__.py", line 1235, in __threaded_polling
    self.worker_pool.raise_exceptions()
  File "K:\Scedule_Bot_1.0\.venv\Lib\site-packages\telebot\util.py", line 150, in raise_exceptions
    raise self.exception_info
  File "K:\Scedule_Bot_1.0\.venv\Lib\site-packages\telebot\util.py", line 93, in run
    task(*args, **kwargs)
  File "K:\Scedule_Bot_1.0\.venv\Lib\site-packages\telebot\__init__.py", line 9759, in _run_middlewares_and_handler
    result = handler['function'](message)
             ^^^^^^^^^^^^^^^^^^^^^^^^^^^^
  File "K:\Scedule_Bot_1.0\telegram_bot\main.py", line 17, in echo_message
    sql_use.update_user_data(message_from_user=message)
  File "K:\Scedule_Bot_1.0\utils\sql_use.py", line 72, in update_user_data
    cur_us.execute("""
sqlite3.OperationalError: no such column: worked_class

2025-08-29 13:55:06 - ERROR - Infinity polling: polling exited
2025-08-29 13:55:06 - ERROR - Break infinity polling
2025-08-29 13:56:29 - INFO - ###############################
2025-08-29 13:56:29 - INFO - TEST INFO LOGGING FINALLY
2025-08-29 13:56:29 - WARNING - TEST WARNING LOGGING FINALLY
2025-08-29 13:56:29 - ERROR - Error to: utils.my_logger | Index: 0
NoneType: None
2025-08-29 13:56:29 - CRITICAL - TEST FATAL LOGGING FINALLY
2025-08-29 13:56:29 - INFO - LOGGER STARTED
2025-08-29 13:56:29 - INFO - ###############################
2025-08-29 13:56:29 - INFO - Stated connect to db
2025-08-29 13:56:29 - INFO - Users db created/exist
2025-08-29 13:58:19 - INFO - ###############################
2025-08-29 13:58:19 - INFO - TEST INFO LOGGING FINALLY
2025-08-29 13:58:19 - WARNING - TEST WARNING LOGGING FINALLY
2025-08-29 13:58:19 - ERROR - Error to: utils.my_logger | Index: 0
NoneType: None
2025-08-29 13:58:19 - CRITICAL - TEST FATAL LOGGING FINALLY
2025-08-29 13:58:19 - INFO - LOGGER STARTED
2025-08-29 13:58:19 - INFO - ###############################
2025-08-29 13:58:19 - INFO - Stated connect to db
2025-08-29 13:58:19 - INFO - Users db created/exist
